2023-11-12 13:00:34,041 DEBUG : Starting new HTTPS connection (1): testnet.binancefuture.com:443
2023-11-12 13:00:35,088 DEBUG : https://testnet.binancefuture.com:443 "GET /fapi/v1/exchangeInfo HTTP/1.1" 200 None
2023-11-12 13:00:35,100 DEBUG : Starting new HTTPS connection (1): testnet.binancefuture.com:443
2023-11-12 13:00:35,809 DEBUG : https://testnet.binancefuture.com:443 "GET /fapi/v2/account?timestamp=1699790435098&signature=067d121b4b8a5d75e495876e46a036eb2963ef90f5e20dcdd8ef6e1840d4c11e HTTP/1.1" 400 88
2023-11-12 13:00:35,809 ERROR : ERROR while making GET request to /fapi/v2/account: {'code': -1021, 'msg': "Timestamp for this request was 1000ms ahead of the server's time."} (error code 400)
2023-11-12 13:00:35,812 INFO : Binance Futures Client successfully initialized
2023-11-12 13:00:37,686 INFO : Websocket connected
2023-11-12 13:00:37,687 INFO : Binance connection openend
2023-11-12 13:00:49,811 DEBUG : Starting new HTTPS connection (1): testnet.binancefuture.com:443
2023-11-12 13:00:50,515 DEBUG : https://testnet.binancefuture.com:443 "GET /fapi/v1/ticker/bookTicker?symbol=BTCUSDT HTTP/1.1" 200 None
2023-11-12 13:15:30,657 DEBUG : Starting new HTTPS connection (1): testnet.binancefuture.com:443
2023-11-12 13:15:31,651 DEBUG : https://testnet.binancefuture.com:443 "GET /fapi/v1/exchangeInfo HTTP/1.1" 200 None
2023-11-12 13:15:31,659 DEBUG : Starting new HTTPS connection (1): testnet.binancefuture.com:443
2023-11-12 13:15:32,385 DEBUG : https://testnet.binancefuture.com:443 "GET /fapi/v2/account?timestamp=1699791331658&signature=6cef9a2fd2c4fc43a403ce4f064a6fccaf8cd325138c97ec40d70de2718dd99b HTTP/1.1" 400 88
2023-11-12 13:15:32,385 ERROR : ERROR while making GET request to /fapi/v2/account: {'code': -1021, 'msg': "Timestamp for this request was 1000ms ahead of the server's time."} (error code 400)
2023-11-12 13:15:32,388 INFO : Binance Futures Client successfully initialized
2023-11-12 13:15:34,066 INFO : Websocket connected
2023-11-12 13:15:34,067 INFO : Binance connection openend
2023-11-12 13:15:51,710 DEBUG : Starting new HTTPS connection (1): testnet.binancefuture.com:443
2023-11-12 13:15:52,647 DEBUG : https://testnet.binancefuture.com:443 "GET /fapi/v1/klines?symbol=BTCUSDT&interval=1m&limit=1000 HTTP/1.1" 200 None
2023-11-12 13:16:00,208 DEBUG : Starting new HTTPS connection (1): testnet.binancefuture.com:443
2023-11-12 13:16:00,918 DEBUG : https://testnet.binancefuture.com:443 "GET /fapi/v1/ticker/bookTicker?symbol=BTCUSDT HTTP/1.1" 200 None
2023-11-12 13:16:07,605 DEBUG : Starting new HTTPS connection (1): testnet.binancefuture.com:443
2023-11-12 13:16:08,557 DEBUG : https://testnet.binancefuture.com:443 "GET /fapi/v1/klines?symbol=BTCUSDT&interval=1m&limit=1000 HTTP/1.1" 200 None
2023-11-12 13:47:29,306 DEBUG : Starting new HTTPS connection (1): testnet.binancefuture.com:443
2023-11-12 13:47:30,235 DEBUG : https://testnet.binancefuture.com:443 "GET /fapi/v1/exchangeInfo HTTP/1.1" 200 None
2023-11-12 13:47:30,244 DEBUG : Starting new HTTPS connection (1): testnet.binancefuture.com:443
2023-11-12 13:47:30,983 DEBUG : https://testnet.binancefuture.com:443 "GET /fapi/v2/account?timestamp=1699793250243&signature=02e13912b5aad8889e4e84ba15ee4173ce0a554e6755660e8a8c843c259557fd HTTP/1.1" 400 88
2023-11-12 13:47:30,983 ERROR : ERROR while making GET request to /fapi/v2/account: {'code': -1021, 'msg': "Timestamp for this request was 1000ms ahead of the server's time."} (error code 400)
2023-11-12 13:47:30,986 INFO : Binance Futures Client successfully initialized
2023-11-12 13:47:32,385 INFO : Websocket connected
2023-11-12 13:47:32,385 INFO : Binance connection openend
2023-11-12 13:47:44,613 DEBUG : Starting new HTTPS connection (1): testnet.binancefuture.com:443
2023-11-12 13:47:45,338 DEBUG : https://testnet.binancefuture.com:443 "GET /fapi/v1/ticker/bookTicker?symbol=BTCUSDT HTTP/1.1" 200 None
